0 info it worked if it ends with ok
1 verbose cli [ '/usr/local/bin/node', '/usr/local/bin/npm', 'start' ]
2 info using npm@6.14.5
3 info using node@v12.18.2
4 verbose run-script [ 'prestart', 'start', 'poststart' ]
5 info lifecycle my-app-backend@1.0.0~prestart: my-app-backend@1.0.0
6 info lifecycle my-app-backend@1.0.0~start: my-app-backend@1.0.0
7 verbose lifecycle my-app-backend@1.0.0~start: unsafe-perm in lifecycle true
8 verbose lifecycle my-app-backend@1.0.0~start: PATH: /usr/local/lib/node_modules/npm/node_modules/npm-lifecycle/node-gyp-bin:/Users/sasychov/Documents/hillel/front-end-pro-online-november-2020/lections/lection_34_react-app+telegram-api/my-app-backend/node_modules/.bin:/Users/sasychov/google-cloud-sdk/bin:/Library/Frameworks/Python.framework/Versions/3.9/bin:/Library/Frameworks/Python.framework/Versions/3.7/bin:/usr/local/bin:/usr/bin:/bin:/usr/sbin:/sbin:/Users/sasychov/Library/Python/3.9/bin:/usr/local/share/dotnet:/usr/local/mysql/bin:~/.dotnet/tools:/Library/Apple/usr/bin:/Library/Frameworks/Mono.framework/Versions/Current/Commands:/Users/sasychov/Library/Android/sdk:/Users/sasychov/Library/Android/sdk/platform-tools:/Users/sasychov/Library/Android/sdk/tools
9 verbose lifecycle my-app-backend@1.0.0~start: CWD: /Users/sasychov/Documents/hillel/front-end-pro-online-november-2020/lections/lection_34_react-app+telegram-api/my-app-backend
10 silly lifecycle my-app-backend@1.0.0~start: Args: [ '-c', 'node index.js' ]
11 silly lifecycle my-app-backend@1.0.0~start: Returned: code: 1  signal: null
12 info lifecycle my-app-backend@1.0.0~start: Failed to exec start script
13 verbose stack Error: my-app-backend@1.0.0 start: `node index.js`
13 verbose stack Exit status 1
13 verbose stack     at EventEmitter.<anonymous> (/usr/local/lib/node_modules/npm/node_modules/npm-lifecycle/index.js:332:16)
13 verbose stack     at EventEmitter.emit (events.js:315:20)
13 verbose stack     at ChildProcess.<anonymous> (/usr/local/lib/node_modules/npm/node_modules/npm-lifecycle/lib/spawn.js:55:14)
13 verbose stack     at ChildProcess.emit (events.js:315:20)
13 verbose stack     at maybeClose (internal/child_process.js:1021:16)
13 verbose stack     at Process.ChildProcess._handle.onexit (internal/child_process.js:286:5)
14 verbose pkgid my-app-backend@1.0.0
15 verbose cwd /Users/sasychov/Documents/hillel/front-end-pro-online-november-2020/lections/lection_34_react-app+telegram-api/my-app-backend
16 verbose Darwin 20.3.0
17 verbose argv "/usr/local/bin/node" "/usr/local/bin/npm" "start"
18 verbose node v12.18.2
19 verbose npm  v6.14.5
20 error code ELIFECYCLE
21 error errno 1
22 error my-app-backend@1.0.0 start: `node index.js`
22 error Exit status 1
23 error Failed at the my-app-backend@1.0.0 start script.
23 error This is probably not a problem with npm. There is likely additional logging output above.
24 verbose exit [ 1, true ]
